<?xml version="1.0" encoding="UTF-8"?>
<!-- Generated by org.testng.reporters.JUnitReportReporter -->
<testsuite name="com.qtpselenium.rediff.hybrid.testcases.portfoliosuite.LoginTest" tests="1" time="44.974" ignored="0" failures="0" timestamp="09 Jul 2018 15:58:37 GMT" skipped="0" hostname="DESKTOP-GVPH1DS" errors="0">
  <testcase name="loginTest" time="44.974" classname="com.qtpselenium.rediff.hybrid.testcases.portfoliosuite.LoginTest"/>
</testsuite> <!-- com.qtpselenium.rediff.hybrid.testcases.portfoliosuite.LoginTest -->
