<?xml version="1.0" encoding="UTF-8"?>
<!-- Generated by org.testng.reporters.JUnitReportReporter -->
<testsuite name="com.qtpselenium.rediff.hybrid.testcases.locbinsuite.LoginTest" tests="1" time="78.778" ignored="0" failures="0" timestamp="12 Jul 2018 08:24:10 GMT" skipped="0" hostname="DESKTOP-GVPH1DS" errors="0">
  <testcase name="loginTest" time="78.778" classname="com.qtpselenium.rediff.hybrid.testcases.locbinsuite.LoginTest"/>
</testsuite> <!-- com.qtpselenium.rediff.hybrid.testcases.locbinsuite.LoginTest -->
